[30m2023-12-07 18:41:58,778[0;39m - GameAppWallet - INFO - [33mo.s.b.StartupInfoLogger.logStarting.51[0;39m --Starting InventorySerivceApplication using Java 17.0.6 with PID 6516 (D:\workspaces of all\mircorservies\NovMicorservices\InventorySerivce\target\classes started by sande in D:\workspaces of all\mircorservies\NovMicorservices\KibanaElasticLoadbalance)
[30m2023-12-07 18:41:58,791[0;39m - GameAppWallet - INFO - [33mo.s.b.SpringApplication.logStartupProfileInfo.638[0;39m --No active profile set, falling back to 1 default profile: "default"
[30m2023-12-07 18:41:58,923[0;39m - GameAppWallet - INFO - [33mo.s.b.l.DeferredLog.logTo.250[0;39m --Devtools property defaults active! Set 'spring.devtools.add-properties' to 'false' to disable
[30m2023-12-07 18:41:58,925[0;39m - GameAppWallet - INFO - [33mo.s.b.l.DeferredLog.logTo.250[0;39m --For additional web related logging consider setting the 'logging.level.web' property to 'DEBUG'
[30m2023-12-07 18:42:01,676[0;39m - GameAppWallet - INFO - [33mo.s.d.r.c.RepositoryConfigurationDelegate.registerRepositoriesIn.138[0;39m --Bootstrapping Spring Data JPA repositories in DEFAULT mode.
[30m2023-12-07 18:42:02,125[0;39m - GameAppWallet - INFO - [33mo.s.d.r.c.RepositoryConfigurationDelegate.registerRepositoriesIn.207[0;39m --Finished Spring Data repository scanning in 419 ms. Found 1 JPA repository interface.
[30m2023-12-07 18:42:02,774[0;39m - GameAppWallet - INFO - [33mo.s.c.c.s.GenericScope.setSerializationId.282[0;39m --BeanFactory id=7c9c7647-85a5-3c73-b011-e06068bd380b
[30m2023-12-07 18:42:04,098[0;39m - GameAppWallet - INFO - [33mo.s.b.w.e.t.TomcatWebServer.initialize.108[0;39m --Tomcat initialized with port(s): 8082 (http)
[30m2023-12-07 18:42:04,111[0;39m - GameAppWallet - INFO - [33mo.a.j.l.DirectJDKLog.log.173[0;39m --Initializing ProtocolHandler ["http-nio-8082"]
[30m2023-12-07 18:42:04,117[0;39m - GameAppWallet - INFO - [33mo.a.j.l.DirectJDKLog.log.173[0;39m --Starting service [Tomcat]
[30m2023-12-07 18:42:04,117[0;39m - GameAppWallet - INFO - [33mo.a.j.l.DirectJDKLog.log.173[0;39m --Starting Servlet engine: [Apache Tomcat/10.1.16]
[30m2023-12-07 18:42:04,281[0;39m - GameAppWallet - INFO - [33mo.a.j.l.DirectJDKLog.log.173[0;39m --Initializing Spring embedded WebApplicationContext
[30m2023-12-07 18:42:04,289[0;39m - GameAppWallet - INFO - [33mo.s.b.w.s.c.ServletWebServerApplicationContext.prepareWebApplicationContext.291[0;39m --Root WebApplicationContext: initialization completed in 5355 ms
[30m2023-12-07 18:42:04,971[0;39m - GameAppWallet - INFO - [33mo.h.j.i.u.LogHelper.logPersistenceUnitInformation.31[0;39m --HHH000204: Processing PersistenceUnitInfo [name: default]
[30m2023-12-07 18:42:05,101[0;39m - GameAppWallet - INFO - [33mo.h.Version.logVersion.44[0;39m --HHH000412: Hibernate ORM core version 6.2.13.Final
[30m2023-12-07 18:42:05,105[0;39m - GameAppWallet - INFO - [33mo.h.c.Environment.<clinit>.191[0;39m --HHH000406: Using bytecode reflection optimizer
[30m2023-12-07 18:42:05,777[0;39m - GameAppWallet - INFO - [33mo.s.o.j.p.SpringPersistenceUnitInfo.addTransformer.87[0;39m --No LoadTimeWeaver setup: ignoring JPA class transformer
[30m2023-12-07 18:42:05,836[0;39m - GameAppWallet - INFO - [33mc.z.h.HikariDataSource.getConnection.110[0;39m --HikariPool-1 - Starting...
[30m2023-12-07 18:42:06,767[0;39m - GameAppWallet - INFO - [33mc.z.h.p.HikariPool.checkFailFast.565[0;39m --HikariPool-1 - Added connection com.mysql.cj.jdbc.ConnectionImpl@62338035
[30m2023-12-07 18:42:06,770[0;39m - GameAppWallet - INFO - [33mc.z.h.HikariDataSource.getConnection.123[0;39m --HikariPool-1 - Start completed.
[30m2023-12-07 18:42:09,022[0;39m - GameAppWallet - INFO - [33mo.h.e.t.j.p.i.JtaPlatformInitiator.initiateService.55[0;39m --HHH000489: No JTA platform available (set 'hibernate.transaction.jta.platform' to enable JTA platform integration)
[30m2023-12-07 18:42:09,241[0;39m - GameAppWallet - INFO - [33mo.s.o.j.AbstractEntityManagerFactoryBean.buildNativeEntityManagerFactory.437[0;39m --Initialized JPA EntityManagerFactory for persistence unit 'default'
[30m2023-12-07 18:42:10,324[0;39m - GameAppWallet - WARN - [33mo.s.b.a.o.j.JpaBaseConfiguration$JpaWebConfiguration.openEntityManagerInViewInterceptor.231[0;39m --spring.jpa.open-in-view is enabled by default. Therefore, database queries may be performed during view rendering. Explicitly configure spring.jpa.open-in-view to disable this warning
[30m2023-12-07 18:42:11,775[0;39m - GameAppWallet - INFO - [33mo.s.b.d.a.OptionalLiveReloadServer.startServer.59[0;39m --LiveReload server is running on port 35729
[30m2023-12-07 18:42:12,104[0;39m - GameAppWallet - INFO - [33mo.s.c.n.e.c.DiscoveryClientOptionalArgsConfiguration.restTemplateDiscoveryClientOptionalArgs.74[0;39m --Eureka HTTP Client uses RestTemplate.
[30m2023-12-07 18:42:12,229[0;39m - GameAppWallet - WARN - [33mo.s.c.l.c.LoadBalancerCacheAutoConfiguration$LoadBalancerCaffeineWarnLogger.afterPropertiesSet.94[0;39m --Spring Cloud LoadBalancer is currently working with the default cache. While this cache implementation is useful for development and tests, it's recommended to use Caffeine cache in production.You can switch to using Caffeine cache, by adding it and org.springframework.cache.caffeine.CaffeineCacheManager to the classpath.
[30m2023-12-07 18:42:12,251[0;39m - GameAppWallet - INFO - [33mo.s.b.a.e.w.EndpointLinksResolver.<init>.58[0;39m --Exposing 1 endpoint(s) beneath base path '/actuator'
[30m2023-12-07 18:42:12,458[0;39m - GameAppWallet - INFO - [33mo.s.c.n.e.InstanceInfoFactory.create.67[0;39m --Setting initial instance status as: STARTING
[30m2023-12-07 18:42:12,621[0;39m - GameAppWallet - INFO - [33mc.n.d.DiscoveryClient.<init>.327[0;39m --Initializing Eureka in region us-east-1
[30m2023-12-07 18:42:12,636[0;39m - GameAppWallet - INFO - [33mc.n.d.s.r.a.ConfigClusterResolver.getClusterEndpoints.43[0;39m --Resolving eureka endpoints via configuration
[30m2023-12-07 18:42:12,713[0;39m - GameAppWallet - INFO - [33mc.n.d.DiscoveryClient.fetchRegistry.951[0;39m --Disable delta property : false
[30m2023-12-07 18:42:12,714[0;39m - GameAppWallet - INFO - [33mc.n.d.DiscoveryClient.fetchRegistry.952[0;39m --Single vip registry refresh property : null
[30m2023-12-07 18:42:12,716[0;39m - GameAppWallet - INFO - [33mc.n.d.DiscoveryClient.fetchRegistry.953[0;39m --Force full registry fetch : false
[30m2023-12-07 18:42:12,716[0;39m - GameAppWallet - INFO - [33mc.n.d.DiscoveryClient.fetchRegistry.954[0;39m --Application is null : false
[30m2023-12-07 18:42:12,717[0;39m - GameAppWallet - INFO - [33mc.n.d.DiscoveryClient.fetchRegistry.955[0;39m --Registered Applications size is zero : true
[30m2023-12-07 18:42:12,717[0;39m - GameAppWallet - INFO - [33mc.n.d.DiscoveryClient.fetchRegistry.957[0;39m --Application version is -1: true
[30m2023-12-07 18:42:12,717[0;39m - GameAppWallet - INFO - [33mc.n.d.DiscoveryClient.getAndStoreFullRegistry.1041[0;39m --Getting all instance registry info from the eureka server
[30m2023-12-07 18:42:13,696[0;39m - GameAppWallet - INFO - [33mc.n.d.DiscoveryClient.getAndStoreFullRegistry.1050[0;39m --The response status is 200
[30m2023-12-07 18:42:13,705[0;39m - GameAppWallet - INFO - [33mc.n.d.DiscoveryClient.initScheduledTasks.1265[0;39m --Starting heartbeat executor: renew interval is: 30
[30m2023-12-07 18:42:13,712[0;39m - GameAppWallet - INFO - [33mc.n.d.InstanceInfoReplicator.<init>.60[0;39m --InstanceInfoReplicator onDemand update allowed rate per min is 4
[30m2023-12-07 18:42:13,721[0;39m - GameAppWallet - INFO - [33mc.n.d.DiscoveryClient.<init>.447[0;39m --Discovery Client initialized at timestamp 1701954733719 with initial instances count: 2
[30m2023-12-07 18:42:13,729[0;39m - GameAppWallet - INFO - [33mo.s.c.n.e.s.EurekaServiceRegistry.register.41[0;39m --Registering application INVENTORY-SERVICE with eureka with status UP
[30m2023-12-07 18:42:13,732[0;39m - GameAppWallet - INFO - [33mc.n.d.DiscoveryClient$3.notify.1296[0;39m --Saw local status change event StatusChangeEvent [timestamp=1701954733731, current=UP, previous=STARTING]
[30m2023-12-07 18:42:13,739[0;39m - GameAppWallet - INFO - [33mc.n.d.DiscoveryClient.register.817[0;39m --DiscoveryClient_INVENTORY-SERVICE/DESKTOP-TAEAA0R:inventory-service:8082: registering service...
[30m2023-12-07 18:42:13,740[0;39m - GameAppWallet - INFO - [33mo.a.j.l.DirectJDKLog.log.173[0;39m --Starting ProtocolHandler ["http-nio-8082"]
[30m2023-12-07 18:42:13,819[0;39m - GameAppWallet - INFO - [33mo.s.b.w.e.t.TomcatWebServer.start.220[0;39m --Tomcat started on port(s): 8082 (http) with context path '/inventory-service'
[30m2023-12-07 18:42:13,821[0;39m - GameAppWallet - INFO - [33mo.s.c.n.e.s.EurekaAutoServiceRegistration.onApplicationEvent.144[0;39m --Updating port to 8082
[30m2023-12-07 18:42:13,859[0;39m - GameAppWallet - INFO - [33mc.n.d.DiscoveryClient.register.826[0;39m --DiscoveryClient_INVENTORY-SERVICE/DESKTOP-TAEAA0R:inventory-service:8082 - registration status: 204
[30m2023-12-07 18:42:14,138[0;39m - GameAppWallet - INFO - [33mo.s.b.StartupInfoLogger.logStarted.57[0;39m --Started InventorySerivceApplication in 16.953 seconds (process running for 18.08)
[30m2023-12-07 18:42:23,371[0;39m - GameAppWallet - INFO - [33mo.a.j.l.DirectJDKLog.log.173[0;39m --Initializing Spring DispatcherServlet 'dispatcherServlet'
[30m2023-12-07 18:42:23,371[0;39m - GameAppWallet - INFO - [33mo.s.w.s.FrameworkServlet.initServletBean.532[0;39m --Initializing Servlet 'dispatcherServlet'
[30m2023-12-07 18:42:23,374[0;39m - GameAppWallet - INFO - [33mo.s.w.s.FrameworkServlet.initServletBean.554[0;39m --Completed initialization in 3 ms
[30m2023-12-07 18:42:23,464[0;39m - GameAppWallet - INFO - [33mc.j.I.c.InventoryController.isInStock.27[0;39m --Received inventory check request for skuCode: [iphone14, iphone13, iphone15]
[30m2023-12-07 18:42:23,536[0;39m - GameAppWallet - INFO - [33mc.j.I.s.InventoryService.isInStock.24[0;39m --Checking Inventory
[30m2023-12-07 18:47:12,745[0;39m - GameAppWallet - INFO - [33mc.n.d.s.r.a.ConfigClusterResolver.getClusterEndpoints.43[0;39m --Resolving eureka endpoints via configuration
[30m2023-12-07 18:52:12,816[0;39m - GameAppWallet - INFO - [33mc.n.d.s.r.a.ConfigClusterResolver.getClusterEndpoints.43[0;39m --Resolving eureka endpoints via configuration
[30m2023-12-07 18:54:32,598[0;39m - GameAppWallet - INFO - [33mo.s.c.n.e.s.EurekaServiceRegistry.deregister.62[0;39m --Unregistering application INVENTORY-SERVICE with eureka with status DOWN
[30m2023-12-07 18:54:32,606[0;39m - GameAppWallet - INFO - [33mc.n.d.DiscoveryClient$3.notify.1296[0;39m --Saw local status change event StatusChangeEvent [timestamp=1701955472606, current=DOWN, previous=UP]
[30m2023-12-07 18:54:32,612[0;39m - GameAppWallet - INFO - [33mc.n.d.DiscoveryClient.register.817[0;39m --DiscoveryClient_INVENTORY-SERVICE/DESKTOP-TAEAA0R:inventory-service:8082: registering service...
[30m2023-12-07 18:54:32,696[0;39m - GameAppWallet - INFO - [33mc.n.d.DiscoveryClient.register.826[0;39m --DiscoveryClient_INVENTORY-SERVICE/DESKTOP-TAEAA0R:inventory-service:8082 - registration status: 204
[30m2023-12-07 18:54:32,988[0;39m - GameAppWallet - INFO - [33mo.s.o.j.AbstractEntityManagerFactoryBean.destroy.650[0;39m --Closing JPA EntityManagerFactory for persistence unit 'default'
[30m2023-12-07 18:54:33,114[0;39m - GameAppWallet - INFO - [33mc.z.h.HikariDataSource.close.350[0;39m --HikariPool-1 - Shutdown initiated...
[30m2023-12-07 18:54:33,583[0;39m - GameAppWallet - INFO - [33mc.z.h.HikariDataSource.close.352[0;39m --HikariPool-1 - Shutdown completed.
[30m2023-12-07 18:54:33,588[0;39m - GameAppWallet - INFO - [33mc.n.d.DiscoveryClient.shutdown.879[0;39m --Shutting down DiscoveryClient ...
[30m2023-12-07 18:54:36,609[0;39m - GameAppWallet - INFO - [33mc.n.d.DiscoveryClient.unregister.915[0;39m --Unregistering ...
[30m2023-12-07 18:54:36,639[0;39m - GameAppWallet - INFO - [33mc.n.d.DiscoveryClient.unregister.917[0;39m --DiscoveryClient_INVENTORY-SERVICE/DESKTOP-TAEAA0R:inventory-service:8082 - deregister  status: 200
[30m2023-12-07 18:54:36,661[0;39m - GameAppWallet - INFO - [33mc.n.d.DiscoveryClient.shutdown.904[0;39m --Completed shut down of DiscoveryClient
